<?xml version="1.0" encoding="UTF-8"?>
<!-- Generated by org.testng.reporters.JUnitReportReporter -->
<testsuite hostname="DESKTOP-C4DB2QQ" failures="0" tests="2" name="testcases.LoginTest" time="2.806" errors="0" timestamp="08 May 2023 06:36:07 GMT" skipped="0">
  <testcase classname="testcases.LoginTest" name="test2" time="1.588"/>
  <testcase classname="testcases.LoginTest" name="test1" time="1.218"/>
</testsuite> <!-- testcases.LoginTest -->
