<?xml version="1.0" encoding="UTF-8"?>
<!-- Generated by org.testng.reporters.JUnitReportReporter -->
<testsuite skipped="0" hostname="DESKTOP-C4DB2QQ" name="testcases.LoginTest" tests="2" failures="0" timestamp="29 Apr 2023 07:24:31 GMT" time="5.222" errors="0">
  <testcase name="test1" time="2.832" classname="testcases.LoginTest"/>
  <testcase name="test2" time="2.390" classname="testcases.LoginTest"/>
</testsuite> <!-- testcases.LoginTest -->
